TN:
SF:D:\Project\hexlet\gendiff\src\index.js
FN:5,(anonymous_0)
FN:10,(anonymous_1)
FN:12,(anonymous_2)
FN:31,(anonymous_3)
FNF:4
FNH:4
FNDA:2,(anonymous_0)
FNDA:1,(anonymous_1)
FNDA:5,(anonymous_2)
FNDA:4,(anonymous_3)
DA:5,1
DA:6,2
DA:7,2
DA:10,1
DA:11,1
DA:12,1
DA:13,5
DA:14,2
DA:16,5
DA:17,1
DA:19,5
DA:20,2
DA:21,1
DA:22,1
DA:24,1
DA:27,5
DA:32,4
DA:33,3
DA:35,1
DA:36,1
DA:37,1
LF:21
LH:21
BRDA:13,0,0,2
BRDA:13,0,1,3
BRDA:13,1,0,5
BRDA:13,1,1,4
BRDA:16,2,0,1
BRDA:16,2,1,4
BRDA:16,3,0,5
BRDA:16,3,1,1
BRDA:19,4,0,2
BRDA:19,4,1,3
BRDA:19,5,0,5
BRDA:19,5,1,4
BRDA:20,6,0,1
BRDA:20,6,1,1
BRDA:32,7,0,3
BRDA:32,7,1,1
BRDA:32,8,0,4
BRDA:32,8,1,2
BRF:18
BRH:18
end_of_record
